Using pre-set license
Built from '2020.3/staging' branch; Version is '2020.3.9f1 (108be757e447) revision 1084391'; Using compiler version '192528614'; Build Type 'Release'
OS: 'Windows 10 Pro; OS build 19042.1110; Version 2009; 64bit' Language: 'ru' Physical Memory: 16250 MB
BatchMode: 1, IsHumanControllingUs: 0, StartBugReporterOnCrash: 0, Is64bit: 1, IsPro: 0

 COMMAND LINE ARGUMENTS:
E:\UnityVersions\2020.3.9f1\Editor\Unity.exe
-adb2
-batchMode
-noUpm
-name
AssetImportWorker0
-projectPath
D:/UnityCourses/SwineTest
-logFile
Logs/AssetImportWorker0.log
-srvPort
57516
Successfully changed project path to: D:/UnityCourses/SwineTest
D:/UnityCourses/SwineTest
Using Asset Import Pipeline V2.
Refreshing native plugins compatible for Editor in 47.57 ms, found 1 plugins.
Preloading 0 native plugins for Editor in 0.00 ms.
Initialize engine version: 2020.3.9f1 (108be757e447)
[Subsystems] Discovering subsystems at path E:/UnityVersions/2020.3.9f1/Editor/Data/Resources/UnitySubsystems
[Subsystems] Discovering subsystems at path D:/UnityCourses/SwineTest/Assets
GfxDevice: creating device client; threaded=0
Direct3D:
    Version:  Direct3D 11.0 [level 11.1]
    Renderer: NVIDIA GeForce GTX 1050 (ID=0x1c8d)
    Vendor:   
    VRAM:     4019 MB
    Driver:   27.21.14.6627
Initialize mono
Mono path[0] = 'E:/UnityVersions/2020.3.9f1/Editor/Data/Managed'
Mono path[1] = 'E:/UnityVersions/2020.3.9f1/Editor/Data/MonoBleedingEdge/lib/mono/unityjit'
Mono config path = 'E:/UnityVersions/2020.3.9f1/Editor/Data/MonoBleedingEdge/etc'
Using monoOptions --debugger-agent=transport=dt_socket,embedding=1,server=y,suspend=n,address=127.0.0.1:56968
Begin MonoManager ReloadAssembly
Registering precompiled unity dll's ...
Register platform support module: E:/UnityVersions/2020.3.9f1/Editor/Data/PlaybackEngines/WindowsStandaloneSupport/UnityEditor.WindowsStandalone.Extensions.dll
Registered in 0.001242 seconds.
Native extension for WindowsStandalone target not found
Refreshing native plugins compatible for Editor in 41.87 ms, found 1 plugins.
Preloading 0 native plugins for Editor in 0.00 ms.
Mono: successfully reloaded assembly
- Completed reload, in  1.694 seconds
Platform modules already initialized, skipping
Registering precompiled user dll's ...
Registered in 0.000797 seconds.
Begin MonoManager ReloadAssembly
Native extension for WindowsStandalone target not found
Refreshing native plugins compatible for Editor in 46.02 ms, found 1 plugins.
Preloading 0 native plugins for Editor in 0.00 ms.
Mono: successfully reloaded assembly
- Completed reload, in  1.207 seconds
Platform modules already initialized, skipping
========================================================================
Worker process is ready to serve import requests
Launched and connected shader compiler UnityShaderCompiler.exe after 0.67 seconds
Refreshing native plugins compatible for Editor in 0.37 ms, found 1 plugins.
Preloading 0 native plugins for Editor in 0.00 ms.
Unloading 1824 Unused Serialized files (Serialized files now loaded: 0)
System memory in use before: 85.5 MB.
System memory in use after: 85.4 MB.

Unloading 24 unused Assets to reduce memory usage. Loaded Objects now: 2267.
Total: 2.938000 ms (FindLiveObjects: 0.167600 ms CreateObjectMapping: 0.130600 ms MarkObjects: 2.411800 ms  DeleteObjects: 0.226700 ms)

AssetImportParameters requested are different than current active one (requested -> active):
  requireTextureImportCompression: false -> true
========================================================================
Received Import Request.
  path: Assets/graphic source/bomb.png
  artifactKey: Guid(69f6b9b300d763d41924b93372276782) Importer(815301076,1909f56bfc062723c751e8b465ee728b)
Start importing Assets/graphic source/bomb.png using Guid(69f6b9b300d763d41924b93372276782) Importer(815301076,1909f56bfc062723c751e8b465ee728b)  -> (artifact id: '6c1a40798e66f3ce6f7c09fc1446ac3d') in 0.207232 seconds
  Import took 0.211011 seconds .

========================================================================
Received Import Request.
  Time since last request: 0.000151 seconds.
  path: Assets/graphic source/farmer_angry.png
  artifactKey: Guid(c2355a787ba3aa14bbd59d7ebd071299) Importer(815301076,1909f56bfc062723c751e8b465ee728b)
Start importing Assets/graphic source/farmer_angry.png using Guid(c2355a787ba3aa14bbd59d7ebd071299) Importer(815301076,1909f56bfc062723c751e8b465ee728b)  -> (artifact id: '772755e402c774f91008d3a2d25da530') in 0.080430 seconds
  Import took 0.086737 seconds .

========================================================================
Received Import Request.
  Time since last request: 0.000206 seconds.
  path: Assets/graphic source/stone.png
  artifactKey: Guid(40ca4e44da8c3954dbde34b6ad0bf93c) Importer(815301076,1909f56bfc062723c751e8b465ee728b)
Start importing Assets/graphic source/stone.png using Guid(40ca4e44da8c3954dbde34b6ad0bf93c) Importer(815301076,1909f56bfc062723c751e8b465ee728b)  -> (artifact id: '2e86c0ec6d4a0e776e27572361fa85d3') in 0.026402 seconds
  Import took 0.030454 seconds .

========================================================================
Received Import Request.
  Time since last request: 0.000225 seconds.
  path: Assets/graphic source/carrot.png
  artifactKey: Guid(6f98290691ee5b34ca87a03c8c186df1) Importer(815301076,1909f56bfc062723c751e8b465ee728b)
Start importing Assets/graphic source/carrot.png using Guid(6f98290691ee5b34ca87a03c8c186df1) Importer(815301076,1909f56bfc062723c751e8b465ee728b)  -> (artifact id: '97a40e84512fbe4b92c3f9c3534c4fbd') in 0.028347 seconds
  Import took 0.032878 seconds .

========================================================================
Received Import Request.
  Time since last request: 0.000226 seconds.
  path: Assets/graphic source/farmer.png
  artifactKey: Guid(b6a5ae2c112f45944adb3577f9cda518) Importer(815301076,1909f56bfc062723c751e8b465ee728b)
Start importing Assets/graphic source/farmer.png using Guid(b6a5ae2c112f45944adb3577f9cda518) Importer(815301076,1909f56bfc062723c751e8b465ee728b)  -> (artifact id: 'a1f1cbe503169a21359b8672e2399e89') in 0.096558 seconds
  Import took 0.101491 seconds .

========================================================================
Received Import Request.
  Time since last request: 0.000209 seconds.
  path: Assets/graphic source/dog_dirty.png
  artifactKey: Guid(a6823ad98e7b7bb499f84a9d92721dff) Importer(815301076,1909f56bfc062723c751e8b465ee728b)
Start importing Assets/graphic source/dog_dirty.png using Guid(a6823ad98e7b7bb499f84a9d92721dff) Importer(815301076,1909f56bfc062723c751e8b465ee728b)  -> (artifact id: 'b684857738890db7cfcc4ea501dd2673') in 0.076200 seconds
  Import took 0.081808 seconds .

========================================================================
Received Import Request.
  Time since last request: 0.000266 seconds.
  path: Assets/graphic source/pig.png
  artifactKey: Guid(820d846814ea35843ad611102cd78d42) Importer(815301076,1909f56bfc062723c751e8b465ee728b)
Start importing Assets/graphic source/pig.png using Guid(820d846814ea35843ad611102cd78d42) Importer(815301076,1909f56bfc062723c751e8b465ee728b)  -> (artifact id: '94e25ae6d47f771207c42aab03e77bec') in 0.097090 seconds
  Import took 0.101775 seconds .

========================================================================
Received Import Request.
  Time since last request: 0.000216 seconds.
  path: Assets/graphic source/grid.png
  artifactKey: Guid(616aaede2c28f374aa6c501b33d185f4) Importer(815301076,1909f56bfc062723c751e8b465ee728b)
Start importing Assets/graphic source/grid.png using Guid(616aaede2c28f374aa6c501b33d185f4) Importer(815301076,1909f56bfc062723c751e8b465ee728b)  -> (artifact id: 'e1c262d856a688d4927231e789c9e224') in 0.021638 seconds
  Import took 0.025972 seconds .

========================================================================
Received Import Request.
  Time since last request: 0.000213 seconds.
  path: Assets/graphic source/bomb.png
  artifactKey: Guid(69f6b9b300d763d41924b93372276782) Importer(815301076,1909f56bfc062723c751e8b465ee728b)
Start importing Assets/graphic source/bomb.png using Guid(69f6b9b300d763d41924b93372276782) Importer(815301076,1909f56bfc062723c751e8b465ee728b)  -> (artifact id: '6c1a40798e66f3ce6f7c09fc1446ac3d') in 0.011765 seconds
  Import took 0.015692 seconds .

========================================================================
Received Import Request.
  Time since last request: 0.000207 seconds.
  path: Assets/graphic source/dog_angry.png
  artifactKey: Guid(3161b9f965617604ab06306eb4d932c2) Importer(815301076,1909f56bfc062723c751e8b465ee728b)
Start importing Assets/graphic source/dog_angry.png using Guid(3161b9f965617604ab06306eb4d932c2) Importer(815301076,1909f56bfc062723c751e8b465ee728b)  -> (artifact id: '6e9753b20c95a9c0c532bc4ba3bb134a') in 0.087804 seconds
  Import took 0.092096 seconds .

========================================================================
Received Import Request.
  Time since last request: 0.000338 seconds.
  path: Assets/graphic source/farmer_dirty.png
  artifactKey: Guid(432713bae32c94142b241ab29a9aaa2d) Importer(815301076,1909f56bfc062723c751e8b465ee728b)
Start importing Assets/graphic source/farmer_dirty.png using Guid(432713bae32c94142b241ab29a9aaa2d) Importer(815301076,1909f56bfc062723c751e8b465ee728b)  -> (artifact id: '18885050c855c7fcf6c6512fce66bc92') in 0.034642 seconds
  Import took 0.038907 seconds .

========================================================================
Received Import Request.
  Time since last request: 0.000263 seconds.
  path: Assets/graphic source/level.png
  artifactKey: Guid(4805e061d28c4cf42926bd0fa887e118) Importer(815301076,1909f56bfc062723c751e8b465ee728b)
Start importing Assets/graphic source/level.png using Guid(4805e061d28c4cf42926bd0fa887e118) Importer(815301076,1909f56bfc062723c751e8b465ee728b)  -> (artifact id: '6a0fbe2c5e0439ce521b1abf4ca7c145') in 0.028011 seconds
  Import took 0.031553 seconds .

========================================================================
Received Import Request.
  Time since last request: 0.000256 seconds.
  path: Assets/graphic source/dog.png
  artifactKey: Guid(299be84c0568c5a47b4caeebe381c4f9) Importer(815301076,1909f56bfc062723c751e8b465ee728b)
Start importing Assets/graphic source/dog.png using Guid(299be84c0568c5a47b4caeebe381c4f9) Importer(815301076,1909f56bfc062723c751e8b465ee728b)  -> (artifact id: '4a9d5d9350a348bec6725d65a5f9a040') in 0.078069 seconds
  Import took 0.083700 seconds .

========================================================================
Received Prepare
Registering precompiled user dll's ...
Registered in 0.001072 seconds.
Begin MonoManager ReloadAssembly
Native extension for WindowsStandalone target not found
Refreshing native plugins compatible for Editor in 0.55 ms, found 1 plugins.
Preloading 0 native plugins for Editor in 0.00 ms.
Mono: successfully reloaded assembly
- Completed reload, in  1.145 seconds
Platform modules already initialized, skipping
Switching build target platform(19) subTarget(0) extendedPlatform(0) -> platform(13) subTarget(537395200) extendedPlatform(0)
Refreshing native plugins compatible for Editor in 0.48 ms, found 1 plugins.
Preloading 0 native plugins for Editor in 0.00 ms.
Unloading 1822 Unused Serialized files (Serialized files now loaded: 0)
System memory in use before: 88.6 MB.
System memory in use after: 88.6 MB.

Unloading 12 unused Assets to reduce memory usage. Loaded Objects now: 2326.
Total: 2.770000 ms (FindLiveObjects: 0.196400 ms CreateObjectMapping: 0.085200 ms MarkObjects: 2.211200 ms  DeleteObjects: 0.275400 ms)

AssetImportParameters requested are different than current active one (requested -> active):
  requireTextureImportCompression: false -> true
  custom:graphics/normal-map-encoding: 01000000000000000000000000000000 -> 02000000000000000000000000000000
========================================================================
Received Import Request.
  Time since last request: 393.099022 seconds.
  path: Assets/Scripts/PlantBombController.cs
  artifactKey: Guid(72ed2aca2305296448a1990ca1ee4500) Importer(815301076,1909f56bfc062723c751e8b465ee728b)
Start importing Assets/Scripts/PlantBombController.cs using Guid(72ed2aca2305296448a1990ca1ee4500) Importer(815301076,1909f56bfc062723c751e8b465ee728b)  -> (artifact id: '836f030fd5c6b8803b686a5662689fb1') in 0.052630 seconds
  Import took 0.056834 seconds .

========================================================================
Received Prepare
Registering precompiled user dll's ...
Registered in 0.000865 seconds.
Begin MonoManager ReloadAssembly
Native extension for WindowsStandalone target not found
Refreshing native plugins compatible for Editor in 0.37 ms, found 1 plugins.
Preloading 0 native plugins for Editor in 0.00 ms.
Mono: successfully reloaded assembly
- Completed reload, in  1.067 seconds
Platform modules already initialized, skipping
Switching build target platform(19) subTarget(0) extendedPlatform(0) -> platform(13) subTarget(537395200) extendedPlatform(0)
Refreshing native plugins compatible for Editor in 0.66 ms, found 1 plugins.
Preloading 0 native plugins for Editor in 0.00 ms.
Unloading 1822 Unused Serialized files (Serialized files now loaded: 0)
System memory in use before: 88.6 MB.
System memory in use after: 88.6 MB.

Unloading 12 unused Assets to reduce memory usage. Loaded Objects now: 2330.
Total: 2.411900 ms (FindLiveObjects: 0.264200 ms CreateObjectMapping: 0.084500 ms MarkObjects: 1.921700 ms  DeleteObjects: 0.140100 ms)

AssetImportParameters requested are different than current active one (requested -> active):
  requireTextureImportCompression: false -> true
  custom:graphics/normal-map-encoding: 01000000000000000000000000000000 -> 02000000000000000000000000000000
========================================================================
Received Prepare
Registering precompiled user dll's ...
Registered in 0.001166 seconds.
Begin MonoManager ReloadAssembly
Native extension for WindowsStandalone target not found
Refreshing native plugins compatible for Editor in 0.40 ms, found 1 plugins.
Preloading 0 native plugins for Editor in 0.00 ms.
Mono: successfully reloaded assembly
- Completed reload, in  1.013 seconds
Platform modules already initialized, skipping
Switching build target platform(19) subTarget(0) extendedPlatform(0) -> platform(13) subTarget(537395200) extendedPlatform(0)
Refreshing native plugins compatible for Editor in 0.33 ms, found 1 plugins.
Preloading 0 native plugins for Editor in 0.00 ms.
Unloading 1822 Unused Serialized files (Serialized files now loaded: 0)
System memory in use before: 88.7 MB.
System memory in use after: 88.7 MB.

Unloading 12 unused Assets to reduce memory usage. Loaded Objects now: 2334.
Total: 2.171400 ms (FindLiveObjects: 0.165200 ms CreateObjectMapping: 0.061400 ms MarkObjects: 1.775700 ms  DeleteObjects: 0.168300 ms)

AssetImportParameters requested are different than current active one (requested -> active):
  requireTextureImportCompression: false -> true
  custom:graphics/normal-map-encoding: 01000000000000000000000000000000 -> 02000000000000000000000000000000
========================================================================
Received Prepare
Registering precompiled user dll's ...
Registered in 0.000975 seconds.
Begin MonoManager ReloadAssembly
Native extension for WindowsStandalone target not found
Refreshing native plugins compatible for Editor in 0.38 ms, found 1 plugins.
Preloading 0 native plugins for Editor in 0.00 ms.
Mono: successfully reloaded assembly
- Completed reload, in  1.128 seconds
Platform modules already initialized, skipping
Switching build target platform(19) subTarget(0) extendedPlatform(0) -> platform(13) subTarget(537395200) extendedPlatform(0)
Refreshing native plugins compatible for Editor in 0.48 ms, found 1 plugins.
Preloading 0 native plugins for Editor in 0.00 ms.
Unloading 1822 Unused Serialized files (Serialized files now loaded: 0)
System memory in use before: 88.7 MB.
System memory in use after: 88.7 MB.

Unloading 12 unused Assets to reduce memory usage. Loaded Objects now: 2338.
Total: 3.074700 ms (FindLiveObjects: 0.219400 ms CreateObjectMapping: 0.076600 ms MarkObjects: 2.579600 ms  DeleteObjects: 0.197500 ms)

AssetImportParameters requested are different than current active one (requested -> active):
  requireTextureImportCompression: false -> true
  custom:graphics/normal-map-encoding: 01000000000000000000000000000000 -> 02000000000000000000000000000000
========================================================================
Received Prepare
Registering precompiled user dll's ...
Registered in 0.000889 seconds.
Begin MonoManager ReloadAssembly
Native extension for WindowsStandalone target not found
Refreshing native plugins compatible for Editor in 0.35 ms, found 1 plugins.
Preloading 0 native plugins for Editor in 0.00 ms.
Mono: successfully reloaded assembly
- Completed reload, in  1.061 seconds
Platform modules already initialized, skipping
Switching build target platform(19) subTarget(0) extendedPlatform(0) -> platform(13) subTarget(537395200) extendedPlatform(0)
Refreshing native plugins compatible for Editor in 0.41 ms, found 1 plugins.
Preloading 0 native plugins for Editor in 0.00 ms.
Unloading 1822 Unused Serialized files (Serialized files now loaded: 0)
System memory in use before: 88.7 MB.
System memory in use after: 88.7 MB.

Unloading 12 unused Assets to reduce memory usage. Loaded Objects now: 2342.
Total: 3.089700 ms (FindLiveObjects: 0.237600 ms CreateObjectMapping: 0.133900 ms MarkObjects: 2.579000 ms  DeleteObjects: 0.137800 ms)

AssetImportParameters requested are different than current active one (requested -> active):
  requireTextureImportCompression: false -> true
  custom:graphics/normal-map-encoding: 01000000000000000000000000000000 -> 02000000000000000000000000000000
========================================================================
Received Prepare
Registering precompiled user dll's ...
Registered in 0.001711 seconds.
Begin MonoManager ReloadAssembly
Native extension for WindowsStandalone target not found
Refreshing native plugins compatible for Editor in 0.38 ms, found 1 plugins.
Preloading 0 native plugins for Editor in 0.00 ms.
Mono: successfully reloaded assembly
- Completed reload, in  1.056 seconds
Platform modules already initialized, skipping
Switching build target platform(19) subTarget(0) extendedPlatform(0) -> platform(13) subTarget(537395200) extendedPlatform(0)
Refreshing native plugins compatible for Editor in 0.34 ms, found 1 plugins.
Preloading 0 native plugins for Editor in 0.00 ms.
Unloading 1822 Unused Serialized files (Serialized files now loaded: 0)
System memory in use before: 88.7 MB.
System memory in use after: 88.7 MB.

Unloading 12 unused Assets to reduce memory usage. Loaded Objects now: 2346.
Total: 2.539400 ms (FindLiveObjects: 0.169000 ms CreateObjectMapping: 0.065700 ms MarkObjects: 2.137800 ms  DeleteObjects: 0.165700 ms)

AssetImportParameters requested are different than current active one (requested -> active):
  requireTextureImportCompression: false -> true
  custom:graphics/normal-map-encoding: 01000000000000000000000000000000 -> 02000000000000000000000000000000
========================================================================
Received Prepare
Registering precompiled user dll's ...
Registered in 0.001478 seconds.
Begin MonoManager ReloadAssembly
Native extension for WindowsStandalone target not found
Refreshing native plugins compatible for Editor in 0.36 ms, found 1 plugins.
Preloading 0 native plugins for Editor in 0.00 ms.
Mono: successfully reloaded assembly
- Completed reload, in  1.112 seconds
Platform modules already initialized, skipping
Switching build target platform(19) subTarget(0) extendedPlatform(0) -> platform(13) subTarget(537395200) extendedPlatform(0)
Refreshing native plugins compatible for Editor in 0.34 ms, found 1 plugins.
Preloading 0 native plugins for Editor in 0.00 ms.
Unloading 1822 Unused Serialized files (Serialized files now loaded: 0)
System memory in use before: 88.7 MB.
System memory in use after: 88.7 MB.

Unloading 12 unused Assets to reduce memory usage. Loaded Objects now: 2350.
Total: 2.231600 ms (FindLiveObjects: 0.172800 ms CreateObjectMapping: 0.071200 ms MarkObjects: 1.840600 ms  DeleteObjects: 0.146100 ms)

AssetImportParameters requested are different than current active one (requested -> active):
  requireTextureImportCompression: false -> true
  custom:graphics/normal-map-encoding: 01000000000000000000000000000000 -> 02000000000000000000000000000000
========================================================================
Received Prepare
Registering precompiled user dll's ...
Registered in 0.001224 seconds.
Begin MonoManager ReloadAssembly
Native extension for WindowsStandalone target not found
Refreshing native plugins compatible for Editor in 0.32 ms, found 1 plugins.
Preloading 0 native plugins for Editor in 0.00 ms.
Mono: successfully reloaded assembly
- Completed reload, in  1.061 seconds
Platform modules already initialized, skipping
Switching build target platform(19) subTarget(0) extendedPlatform(0) -> platform(13) subTarget(537395200) extendedPlatform(0)
Refreshing native plugins compatible for Editor in 0.40 ms, found 1 plugins.
Preloading 0 native plugins for Editor in 0.00 ms.
Unloading 1822 Unused Serialized files (Serialized files now loaded: 0)
System memory in use before: 88.7 MB.
System memory in use after: 88.7 MB.

Unloading 12 unused Assets to reduce memory usage. Loaded Objects now: 2354.
Total: 2.571400 ms (FindLiveObjects: 0.231400 ms CreateObjectMapping: 0.124000 ms MarkObjects: 2.035100 ms  DeleteObjects: 0.179400 ms)

AssetImportParameters requested are different than current active one (requested -> active):
  requireTextureImportCompression: false -> true
  custom:graphics/normal-map-encoding: 01000000000000000000000000000000 -> 02000000000000000000000000000000
========================================================================
Received Prepare
Registering precompiled user dll's ...
Registered in 0.000838 seconds.
Begin MonoManager ReloadAssembly
Native extension for WindowsStandalone target not found
Refreshing native plugins compatible for Editor in 0.57 ms, found 1 plugins.
Preloading 0 native plugins for Editor in 0.00 ms.
Mono: successfully reloaded assembly
- Completed reload, in  1.105 seconds
Platform modules already initialized, skipping
Switching build target platform(19) subTarget(0) extendedPlatform(0) -> platform(13) subTarget(537395200) extendedPlatform(0)
Refreshing native plugins compatible for Editor in 0.34 ms, found 1 plugins.
Preloading 0 native plugins for Editor in 0.00 ms.
Unloading 1822 Unused Serialized files (Serialized files now loaded: 0)
System memory in use before: 88.8 MB.
System memory in use after: 88.7 MB.

Unloading 12 unused Assets to reduce memory usage. Loaded Objects now: 2358.
Total: 2.503500 ms (FindLiveObjects: 0.288900 ms CreateObjectMapping: 0.100300 ms MarkObjects: 1.953700 ms  DeleteObjects: 0.159400 ms)

AssetImportParameters requested are different than current active one (requested -> active):
  requireTextureImportCompression: false -> true
  custom:graphics/normal-map-encoding: 01000000000000000000000000000000 -> 02000000000000000000000000000000
========================================================================
Received Prepare
Registering precompiled user dll's ...
Registered in 0.000884 seconds.
Begin MonoManager ReloadAssembly
Native extension for WindowsStandalone target not found
Refreshing native plugins compatible for Editor in 0.41 ms, found 1 plugins.
Preloading 0 native plugins for Editor in 0.00 ms.
Mono: successfully reloaded assembly
- Completed reload, in  1.047 seconds
Platform modules already initialized, skipping
Switching build target platform(19) subTarget(0) extendedPlatform(0) -> platform(13) subTarget(537395200) extendedPlatform(0)
Refreshing native plugins compatible for Editor in 0.39 ms, found 1 plugins.
Preloading 0 native plugins for Editor in 0.00 ms.
Unloading 1822 Unused Serialized files (Serialized files now loaded: 0)
System memory in use before: 88.8 MB.
System memory in use after: 88.7 MB.

Unloading 12 unused Assets to reduce memory usage. Loaded Objects now: 2362.
Total: 2.464300 ms (FindLiveObjects: 0.177100 ms CreateObjectMapping: 0.069800 ms MarkObjects: 2.026400 ms  DeleteObjects: 0.190000 ms)

AssetImportParameters requested are different than current active one (requested -> active):
  requireTextureImportCompression: false -> true
  custom:graphics/normal-map-encoding: 01000000000000000000000000000000 -> 02000000000000000000000000000000
========================================================================
Received Prepare
Registering precompiled user dll's ...
Registered in 0.001006 seconds.
Begin MonoManager ReloadAssembly
Native extension for WindowsStandalone target not found
Refreshing native plugins compatible for Editor in 0.40 ms, found 1 plugins.
Preloading 0 native plugins for Editor in 0.00 ms.
Mono: successfully reloaded assembly
- Completed reload, in  1.280 seconds
Platform modules already initialized, skipping
Switching build target platform(19) subTarget(0) extendedPlatform(0) -> platform(13) subTarget(537395200) extendedPlatform(0)
Refreshing native plugins compatible for Editor in 0.41 ms, found 1 plugins.
Preloading 0 native plugins for Editor in 0.00 ms.
Unloading 1822 Unused Serialized files (Serialized files now loaded: 0)
System memory in use before: 88.8 MB.
System memory in use after: 88.8 MB.

Unloading 12 unused Assets to reduce memory usage. Loaded Objects now: 2366.
Total: 2.250300 ms (FindLiveObjects: 0.188800 ms CreateObjectMapping: 0.074400 ms MarkObjects: 1.861700 ms  DeleteObjects: 0.124300 ms)

AssetImportParameters requested are different than current active one (requested -> active):
  requireTextureImportCompression: false -> true
  custom:graphics/normal-map-encoding: 01000000000000000000000000000000 -> 02000000000000000000000000000000
========================================================================
Received Prepare
Registering precompiled user dll's ...
Registered in 0.000921 seconds.
Begin MonoManager ReloadAssembly
Native extension for WindowsStandalone target not found
Refreshing native plugins compatible for Editor in 0.35 ms, found 1 plugins.
Preloading 0 native plugins for Editor in 0.00 ms.
Mono: successfully reloaded assembly
- Completed reload, in  1.071 seconds
Platform modules already initialized, skipping
Switching build target platform(19) subTarget(0) extendedPlatform(0) -> platform(13) subTarget(537395200) extendedPlatform(0)
Refreshing native plugins compatible for Editor in 0.36 ms, found 1 plugins.
Preloading 0 native plugins for Editor in 0.00 ms.
Unloading 1822 Unused Serialized files (Serialized files now loaded: 0)
System memory in use before: 88.8 MB.
System memory in use after: 88.8 MB.

Unloading 12 unused Assets to reduce memory usage. Loaded Objects now: 2370.
Total: 2.133800 ms (FindLiveObjects: 0.186300 ms CreateObjectMapping: 0.074200 ms MarkObjects: 1.759300 ms  DeleteObjects: 0.113000 ms)

AssetImportParameters requested are different than current active one (requested -> active):
  requireTextureImportCompression: false -> true
  custom:graphics/normal-map-encoding: 01000000000000000000000000000000 -> 02000000000000000000000000000000
========================================================================
Received Prepare
Registering precompiled user dll's ...
Registered in 0.000860 seconds.
Begin MonoManager ReloadAssembly
Native extension for WindowsStandalone target not found
Refreshing native plugins compatible for Editor in 0.37 ms, found 1 plugins.
Preloading 0 native plugins for Editor in 0.00 ms.
Mono: successfully reloaded assembly
- Completed reload, in  1.090 seconds
Platform modules already initialized, skipping
Switching build target platform(19) subTarget(0) extendedPlatform(0) -> platform(13) subTarget(537395200) extendedPlatform(0)
Refreshing native plugins compatible for Editor in 0.35 ms, found 1 plugins.
Preloading 0 native plugins for Editor in 0.00 ms.
Unloading 1822 Unused Serialized files (Serialized files now loaded: 0)
System memory in use before: 88.8 MB.
System memory in use after: 88.8 MB.

Unloading 12 unused Assets to reduce memory usage. Loaded Objects now: 2374.
Total: 2.466400 ms (FindLiveObjects: 0.174300 ms CreateObjectMapping: 0.065500 ms MarkObjects: 2.074900 ms  DeleteObjects: 0.150700 ms)

AssetImportParameters requested are different than current active one (requested -> active):
  requireTextureImportCompression: false -> true
  custom:graphics/normal-map-encoding: 01000000000000000000000000000000 -> 02000000000000000000000000000000
========================================================================
Received Prepare
Registering precompiled user dll's ...
Registered in 0.000828 seconds.
Begin MonoManager ReloadAssembly
Native extension for WindowsStandalone target not found
Refreshing native plugins compatible for Editor in 0.43 ms, found 1 plugins.
Preloading 0 native plugins for Editor in 0.00 ms.
Mono: successfully reloaded assembly
- Completed reload, in  1.128 seconds
Platform modules already initialized, skipping
Switching build target platform(19) subTarget(0) extendedPlatform(0) -> platform(13) subTarget(537395200) extendedPlatform(0)
Refreshing native plugins compatible for Editor in 0.34 ms, found 1 plugins.
Preloading 0 native plugins for Editor in 0.00 ms.
Unloading 1822 Unused Serialized files (Serialized files now loaded: 0)
System memory in use before: 88.8 MB.
System memory in use after: 88.8 MB.

Unloading 12 unused Assets to reduce memory usage. Loaded Objects now: 2378.
Total: 2.676000 ms (FindLiveObjects: 0.278900 ms CreateObjectMapping: 0.081200 ms MarkObjects: 2.143700 ms  DeleteObjects: 0.171200 ms)

AssetImportParameters requested are different than current active one (requested -> active):
  requireTextureImportCompression: false -> true
  custom:graphics/normal-map-encoding: 01000000000000000000000000000000 -> 02000000000000000000000000000000
========================================================================
Received Prepare
Registering precompiled user dll's ...
Registered in 0.000841 seconds.
Begin MonoManager ReloadAssembly
Native extension for WindowsStandalone target not found
Refreshing native plugins compatible for Editor in 0.38 ms, found 1 plugins.
Preloading 0 native plugins for Editor in 0.00 ms.
Mono: successfully reloaded assembly
- Completed reload, in  1.092 seconds
Platform modules already initialized, skipping
Switching build target platform(19) subTarget(0) extendedPlatform(0) -> platform(13) subTarget(537395200) extendedPlatform(0)
Refreshing native plugins compatible for Editor in 0.35 ms, found 1 plugins.
Preloading 0 native plugins for Editor in 0.00 ms.
Unloading 1822 Unused Serialized files (Serialized files now loaded: 0)
System memory in use before: 88.8 MB.
System memory in use after: 88.8 MB.

Unloading 12 unused Assets to reduce memory usage. Loaded Objects now: 2382.
Total: 2.270900 ms (FindLiveObjects: 0.193100 ms CreateObjectMapping: 0.068600 ms MarkObjects: 1.845200 ms  DeleteObjects: 0.163100 ms)

AssetImportParameters requested are different than current active one (requested -> active):
  requireTextureImportCompression: false -> true
  custom:graphics/normal-map-encoding: 01000000000000000000000000000000 -> 02000000000000000000000000000000
========================================================================
Received Prepare
Registering precompiled user dll's ...
Registered in 0.000815 seconds.
Begin MonoManager ReloadAssembly
Native extension for WindowsStandalone target not found
Refreshing native plugins compatible for Editor in 0.38 ms, found 1 plugins.
Preloading 0 native plugins for Editor in 0.00 ms.
Mono: successfully reloaded assembly
- Completed reload, in  1.131 seconds
Platform modules already initialized, skipping
Switching build target platform(19) subTarget(0) extendedPlatform(0) -> platform(13) subTarget(537395200) extendedPlatform(0)
Refreshing native plugins compatible for Editor in 0.45 ms, found 1 plugins.
Preloading 0 native plugins for Editor in 0.00 ms.
Unloading 1822 Unused Serialized files (Serialized files now loaded: 0)
System memory in use before: 88.8 MB.
System memory in use after: 88.8 MB.

Unloading 12 unused Assets to reduce memory usage. Loaded Objects now: 2386.
Total: 3.104700 ms (FindLiveObjects: 0.330700 ms CreateObjectMapping: 0.085600 ms MarkObjects: 2.491600 ms  DeleteObjects: 0.195500 ms)

AssetImportParameters requested are different than current active one (requested -> active):
  requireTextureImportCompression: false -> true
  custom:graphics/normal-map-encoding: 01000000000000000000000000000000 -> 02000000000000000000000000000000
========================================================================
Received Prepare
Registering precompiled user dll's ...
Registered in 0.000867 seconds.
Begin MonoManager ReloadAssembly
Native extension for WindowsStandalone target not found
Refreshing native plugins compatible for Editor in 0.41 ms, found 1 plugins.
Preloading 0 native plugins for Editor in 0.00 ms.
Mono: successfully reloaded assembly
- Completed reload, in  1.122 seconds
Platform modules already initialized, skipping
Switching build target platform(19) subTarget(0) extendedPlatform(0) -> platform(13) subTarget(537395200) extendedPlatform(0)
Refreshing native plugins compatible for Editor in 0.44 ms, found 1 plugins.
Preloading 0 native plugins for Editor in 0.00 ms.
Unloading 1822 Unused Serialized files (Serialized files now loaded: 0)
System memory in use before: 88.8 MB.
System memory in use after: 88.8 MB.

Unloading 12 unused Assets to reduce memory usage. Loaded Objects now: 2390.
Total: 2.895400 ms (FindLiveObjects: 0.291700 ms CreateObjectMapping: 0.116900 ms MarkObjects: 2.331700 ms  DeleteObjects: 0.154000 ms)

AssetImportParameters requested are different than current active one (requested -> active):
  requireTextureImportCompression: false -> true
  custom:graphics/normal-map-encoding: 01000000000000000000000000000000 -> 02000000000000000000000000000000
========================================================================
Received Import Request.
  Time since last request: 1767.628994 seconds.
  path: Assets/graphic source/Arrows
  artifactKey: Guid(6368d49cdc6ce6c4fa5cbd0bc5db6e8c) Importer(815301076,1909f56bfc062723c751e8b465ee728b)
Start importing Assets/graphic source/Arrows using Guid(6368d49cdc6ce6c4fa5cbd0bc5db6e8c) Importer(815301076,1909f56bfc062723c751e8b465ee728b)  -> (artifact id: '2f571c33f85fbcea8e2f7fea02614163') in 0.013709 seconds
  Import took 0.017995 seconds .

========================================================================
Received Import Request.
  Time since last request: 10.620894 seconds.
  path: Assets/graphic source/Arrows/up-arrow.png
  artifactKey: Guid(d0f4d92724b6ce3448099c0ea1f93152) Importer(815301076,1909f56bfc062723c751e8b465ee728b)
Start importing Assets/graphic source/Arrows/up-arrow.png using Guid(d0f4d92724b6ce3448099c0ea1f93152) Importer(815301076,1909f56bfc062723c751e8b465ee728b)  -> (artifact id: '30ae0d779ebaed4876105c7acb450f75') in 0.098754 seconds
  Import took 0.102995 seconds .

========================================================================
Received Import Request.
  Time since last request: 0.001020 seconds.
  path: Assets/graphic source/Arrows/up-arrow.png
  artifactKey: Guid(d0f4d92724b6ce3448099c0ea1f93152) Importer(815301076,1909f56bfc062723c751e8b465ee728b)
Start importing Assets/graphic source/Arrows/up-arrow.png using Guid(d0f4d92724b6ce3448099c0ea1f93152) Importer(815301076,1909f56bfc062723c751e8b465ee728b)  -> (artifact id: '30ae0d779ebaed4876105c7acb450f75') in 0.016596 seconds
  Import took 0.020882 seconds .

========================================================================
Received Import Request.
  Time since last request: 3.989397 seconds.
  path: Assets/graphic source/Arrows/down-arrow.png
  artifactKey: Guid(4697bad5e470d464baa2417c96beee7a) Importer(815301076,1909f56bfc062723c751e8b465ee728b)
Start importing Assets/graphic source/Arrows/down-arrow.png using Guid(4697bad5e470d464baa2417c96beee7a) Importer(815301076,1909f56bfc062723c751e8b465ee728b)  -> (artifact id: 'a04bbd0ce79644f4fa22663c6bfa963e') in 0.027209 seconds
  Import took 0.031644 seconds .

========================================================================
Received Import Request.
  Time since last request: 3.476992 seconds.
  path: Assets/graphic source/Arrows/left-arrow.png
  artifactKey: Guid(7c629f5495dad984582a28caf31ab1a0) Importer(815301076,1909f56bfc062723c751e8b465ee728b)
Start importing Assets/graphic source/Arrows/left-arrow.png using Guid(7c629f5495dad984582a28caf31ab1a0) Importer(815301076,1909f56bfc062723c751e8b465ee728b)  -> (artifact id: '39d0d19de70f5ea6c25a4acf26d354ca') in 0.023575 seconds
  Import took 0.028247 seconds .

========================================================================
Received Import Request.
  Time since last request: 3.644308 seconds.
  path: Assets/graphic source/Arrows/arrow-down-sign-to-navigate.png
  artifactKey: Guid(14a920ddf472ee64a9745e7c9cf23362) Importer(815301076,1909f56bfc062723c751e8b465ee728b)
Start importing Assets/graphic source/Arrows/arrow-down-sign-to-navigate.png using Guid(14a920ddf472ee64a9745e7c9cf23362) Importer(815301076,1909f56bfc062723c751e8b465ee728b)  -> (artifact id: '544479e70b9565aa751385e80d58389f') in 0.020264 seconds
  Import took 0.025674 seconds .

========================================================================
Received Import Request.
  Time since last request: 28.428599 seconds.
  path: Assets/graphic source/Arrows/right-arrow.png
  artifactKey: Guid(d76ec4396618d9446b8a7b4cb76e55d8) Importer(815301076,1909f56bfc062723c751e8b465ee728b)
Start importing Assets/graphic source/Arrows/right-arrow.png using Guid(d76ec4396618d9446b8a7b4cb76e55d8) Importer(815301076,1909f56bfc062723c751e8b465ee728b)  -> (artifact id: '86dee7848d4b30e50db2d00ff5d813b8') in 0.035441 seconds
  Import took 0.039404 seconds .

========================================================================
Received Prepare
Registering precompiled user dll's ...
Registered in 0.001311 seconds.
Begin MonoManager ReloadAssembly
Native extension for WindowsStandalone target not found
Refreshing native plugins compatible for Editor in 0.75 ms, found 1 plugins.
Preloading 0 native plugins for Editor in 0.00 ms.
Mono: successfully reloaded assembly
- Completed reload, in  1.175 seconds
Platform modules already initialized, skipping
Switching build target platform(19) subTarget(0) extendedPlatform(0) -> platform(13) subTarget(537395200) extendedPlatform(0)
Refreshing native plugins compatible for Editor in 0.58 ms, found 1 plugins.
Preloading 0 native plugins for Editor in 0.00 ms.
Unloading 1822 Unused Serialized files (Serialized files now loaded: 0)
System memory in use before: 88.8 MB.
System memory in use after: 88.8 MB.

Unloading 12 unused Assets to reduce memory usage. Loaded Objects now: 2395.
Total: 2.413800 ms (FindLiveObjects: 0.186300 ms CreateObjectMapping: 0.063900 ms MarkObjects: 1.963700 ms  DeleteObjects: 0.199100 ms)

AssetImportParameters requested are different than current active one (requested -> active):
  requireTextureImportCompression: false -> true
  custom:graphics/normal-map-encoding: 01000000000000000000000000000000 -> 02000000000000000000000000000000
========================================================================
Received Import Request.
  Time since last request: 73.742909 seconds.
  path: Assets/graphic source/bomb 1.png
  artifactKey: Guid(9c8a4711831cb4b48b73395a4f3d6c68) Importer(815301076,1909f56bfc062723c751e8b465ee728b)
Start importing Assets/graphic source/bomb 1.png using Guid(9c8a4711831cb4b48b73395a4f3d6c68) Importer(815301076,1909f56bfc062723c751e8b465ee728b)  -> (artifact id: '5789e3a6ac3aa21693f5bcbb85677b60') in 0.065508 seconds
  Import took 0.069583 seconds .

========================================================================
Received Prepare
Registering precompiled user dll's ...
Registered in 0.000917 seconds.
Begin MonoManager ReloadAssembly
Native extension for WindowsStandalone target not found
Refreshing native plugins compatible for Editor in 0.43 ms, found 1 plugins.
Preloading 0 native plugins for Editor in 0.00 ms.
Mono: successfully reloaded assembly
- Completed reload, in  1.140 seconds
Platform modules already initialized, skipping
Switching build target platform(19) subTarget(0) extendedPlatform(0) -> platform(13) subTarget(537395200) extendedPlatform(0)
Refreshing native plugins compatible for Editor in 0.37 ms, found 1 plugins.
Preloading 0 native plugins for Editor in 0.00 ms.
Unloading 1822 Unused Serialized files (Serialized files now loaded: 0)
System memory in use before: 88.9 MB.
System memory in use after: 88.8 MB.

Unloading 12 unused Assets to reduce memory usage. Loaded Objects now: 2400.
Total: 2.294300 ms (FindLiveObjects: 0.193900 ms CreateObjectMapping: 0.069200 ms MarkObjects: 1.918900 ms  DeleteObjects: 0.111400 ms)

AssetImportParameters requested are different than current active one (requested -> active):
  requireTextureImportCompression: false -> true
  custom:graphics/normal-map-encoding: 01000000000000000000000000000000 -> 02000000000000000000000000000000
========================================================================
Received Prepare
Refreshing native plugins compatible for Editor in 1.43 ms, found 1 plugins.
Preloading 0 native plugins for Editor in 0.00 ms.
Unloading 10 Unused Serialized files (Serialized files now loaded: 0)
System memory in use before: 53.1 MB.
System memory in use after: 53.1 MB.

Unloading 10 unused Assets to reduce memory usage. Loaded Objects now: 2400.
Total: 2.368800 ms (FindLiveObjects: 0.179300 ms CreateObjectMapping: 0.067300 ms MarkObjects: 1.992500 ms  DeleteObjects: 0.128700 ms)

========================================================================
Received Import Request.
  Time since last request: 110.406468 seconds.
  path: Assets/graphic source/bomb 1.png
  artifactKey: Guid(9c8a4711831cb4b48b73395a4f3d6c68) Importer(815301076,1909f56bfc062723c751e8b465ee728b)
Start importing Assets/graphic source/bomb 1.png using Guid(9c8a4711831cb4b48b73395a4f3d6c68) Importer(815301076,1909f56bfc062723c751e8b465ee728b)  -> (artifact id: 'c828dcabc622231686b035b634398ad8') in 0.076212 seconds
  Import took 0.080347 seconds .

========================================================================
Received Import Request.
  Time since last request: 1.184584 seconds.
  path: Assets/graphic source/bomb 1.png
  artifactKey: Guid(9c8a4711831cb4b48b73395a4f3d6c68) Importer(815301076,1909f56bfc062723c751e8b465ee728b)
Start importing Assets/graphic source/bomb 1.png using Guid(9c8a4711831cb4b48b73395a4f3d6c68) Importer(815301076,1909f56bfc062723c751e8b465ee728b)  -> (artifact id: 'c828dcabc622231686b035b634398ad8') in 0.020351 seconds
  Import took 0.024086 seconds .

========================================================================
Received Prepare
Refreshing native plugins compatible for Editor in 1.66 ms, found 1 plugins.
Preloading 0 native plugins for Editor in 0.00 ms.
Unloading 10 Unused Serialized files (Serialized files now loaded: 0)
System memory in use before: 53.2 MB.
System memory in use after: 53.2 MB.

Unloading 10 unused Assets to reduce memory usage. Loaded Objects now: 2401.
Total: 4.981900 ms (FindLiveObjects: 0.211300 ms CreateObjectMapping: 0.069900 ms MarkObjects: 4.559100 ms  DeleteObjects: 0.140200 ms)

AssetImportParameters requested are different than current active one (requested -> active):
  requireTextureImportCompression: false -> true
========================================================================
Received Prepare
Refreshing native plugins compatible for Editor in 1.43 ms, found 1 plugins.
Preloading 0 native plugins for Editor in 0.00 ms.
Unloading 10 Unused Serialized files (Serialized files now loaded: 0)
System memory in use before: 53.2 MB.
System memory in use after: 53.2 MB.

Unloading 10 unused Assets to reduce memory usage. Loaded Objects now: 2401.
Total: 4.902500 ms (FindLiveObjects: 0.375600 ms CreateObjectMapping: 0.258400 ms MarkObjects: 3.891000 ms  DeleteObjects: 0.373700 ms)

========================================================================
Received Prepare
Refreshing native plugins compatible for Editor in 2.34 ms, found 1 plugins.
Preloading 0 native plugins for Editor in 0.00 ms.
Unloading 10 Unused Serialized files (Serialized files now loaded: 0)
System memory in use before: 53.2 MB.
System memory in use after: 53.2 MB.

Unloading 10 unused Assets to reduce memory usage. Loaded Objects now: 2401.
Total: 4.152700 ms (FindLiveObjects: 0.251700 ms CreateObjectMapping: 0.108900 ms MarkObjects: 3.634600 ms  DeleteObjects: 0.155900 ms)

AssetImportParameters requested are different than current active one (requested -> active):
  requireTextureImportCompression: false -> true
========================================================================
Received Prepare
Refreshing native plugins compatible for Editor in 1.95 ms, found 1 plugins.
Preloading 0 native plugins for Editor in 0.00 ms.
Unloading 10 Unused Serialized files (Serialized files now loaded: 0)
System memory in use before: 53.2 MB.
System memory in use after: 53.2 MB.

Unloading 10 unused Assets to reduce memory usage. Loaded Objects now: 2401.
Total: 3.758200 ms (FindLiveObjects: 0.242900 ms CreateObjectMapping: 0.087900 ms MarkObjects: 3.297500 ms  DeleteObjects: 0.128400 ms)

========================================================================
Received Prepare
Refreshing native plugins compatible for Editor in 1.50 ms, found 1 plugins.
Preloading 0 native plugins for Editor in 0.00 ms.
Unloading 10 Unused Serialized files (Serialized files now loaded: 0)
System memory in use before: 53.2 MB.
System memory in use after: 53.2 MB.

Unloading 10 unused Assets to reduce memory usage. Loaded Objects now: 2401.
Total: 4.875400 ms (FindLiveObjects: 0.675500 ms CreateObjectMapping: 0.122100 ms MarkObjects: 3.832200 ms  DeleteObjects: 0.244100 ms)

AssetImportParameters requested are different than current active one (requested -> active):
  requireTextureImportCompression: false -> true
AssetImportWorkerClient::OnTransportError - code=2 error=End of file
